!ERROR: org.eclipse.core.internal.resources.ResourceException(null)[566]: java.io.FileNotFoundException: E:\DATA\workspace\.metadata\.plugins\org.eclipse.core.resources\.projects\USBL\.location (¾Ü¾ø·ÃÎÊ¡£)
	at java.io.FileOutputStream.openAppend(Native Method)
	at java.io.FileOutputStream.<init>(Unknown Source)
	at java.io.FileOutputStream.<init>(Unknown Source)
	at org.eclipse.core.internal.localstore.SafeChunkyOutputStream.<init>(SafeChunkyOutputStream.java:45)
	at org.eclipse.core.internal.localstore.SafeChunkyOutputStream.<init>(SafeChunkyOutputStream.java:41)
	at org.eclipse.core.internal.resources.LocalMetaArea.writePrivateDescription(LocalMetaArea.java:444)
	at org.eclipse.core.internal.localstore.FileSystemResourceManager.internalWrite(FileSystemResourceManager.java:611)
	at org.eclipse.core.internal.resources.Project.writeDescription(Project.java:1463)
	at org.eclipse.core.internal.resources.Project.writeDescription(Project.java:1444)
	at org.eclipse.core.internal.resources.Resource.createLink(Resource.java:672)
	at com.ti.ccstudio.project.core.internal.legacy.LegacyProjectImporter.createLinkedResource(LegacyProjectImporter.java:1659)
	at com.ti.ccstudio.project.core.internal.legacy.LegacyProjectImporter.processSources(LegacyProjectImporter.java:724)
	at com.ti.ccstudio.project.core.internal.legacy.LegacyProjectImporter.createManagedMakeProject(LegacyProjectImporter.java:460)
	at com.ti.ccstudio.project.core.internal.legacy.LegacyProjectImporter.doRun(LegacyProjectImporter.java:266)
	at com.ti.ccstudio.project.core.internal.legacy.LegacyProjectImporter.access$0(LegacyProjectImporter.java:227)
	at com.ti.ccstudio.project.core.internal.legacy.LegacyProjectImporter$1.run(LegacyProjectImporter.java:210)
	at org.eclipse.core.internal.resources.Workspace.run(Workspace.java:2344)
	at org.eclipse.core.internal.resources.Workspace.run(Workspace.java:2326)
	at com.ti.ccstudio.project.core.internal.legacy.LegacyProjectImporter.run(LegacyProjectImporter.java:208)
	at com.ti.ccstudio.project.ui.internal.wizards.importlegacy.ImportLegacyProjectWizard$2.run(ImportLegacyProjectWizard.java:144)
	at org.eclipse.jface.operation.ModalContext$ModalContextThread.run(ModalContext.java:121)


