
**** Build of configuration Debug for project 2833xDMA_xintf_to_ram ****

"D:\\Program Files (x86)\\CCSv5\\ccsv5\\utils\\bin\\gmake" -k all 
'Building file: ../2833xDMA_xintf_to_ram.c'
'Invoking: C2000 Compiler'
"D:/Program Files (x86)/CCSv5/ccsv5/tools/compiler/c2000_6.2.11/bin/cl2000" -v28 -ml -mt --float_support=fpu32 --include_path="D:/Program Files (x86)/CCSv5/ccsv5/tools/compiler/c2000_6.2.11/include" --include_path="D:/Program Files (x86)/CCSv5/ccsv5/ccs_base/c2000/f2833x/DSP2833x_headers/include" --include_path="D:/Program Files (x86)/CCSv5/ccsv5/ccs_base/c2000/f2833x/DSP2833x_common/include" --include_path="D:/Program Files (x86)/CCSv5/xdais_7_21_01_07/packages/ti/xdais" -g --define="_DEBUG" --define="LARGE_MODEL" --quiet --diag_warning=225 --display_error_number --issue_remarks --asm_directory="C:/tidcs/c28/DSP2833x/v130/DSP2833x_examples_ccsv4/dma_xintf_to_ram/Debug" --preproc_with_compile --preproc_dependency="2833xDMA_xintf_to_ram.pp"  "../2833xDMA_xintf_to_ram.c"
'Finished building: ../2833xDMA_xintf_to_ram.c'
' '
'Building target: 2833xDMA_xintf_to_ram.out'
'Invoking: C2000 Linker'
"D:/Program Files (x86)/CCSv5/ccsv5/tools/compiler/c2000_6.2.11/bin/cl2000" -v28 -ml -mt --float_support=fpu32 -g --define="_DEBUG" --define="LARGE_MODEL" --quiet --diag_warning=225 --display_error_number --issue_remarks --asm_directory="C:/tidcs/c28/DSP2833x/v130/DSP2833x_examples_ccsv4/dma_xintf_to_ram/Debug" -z -m"2833xDMA_xintf_to_ram.map" --stack_size=0x300 --warn_sections -i"D:/Program Files (x86)/CCSv5/ccsv5/tools/compiler/c2000_6.2.11/lib" -i"D:/Program Files (x86)/CCSv5/ccsv5/tools/compiler/c2000_6.2.11/include" --reread_libs --xml_link_info="Example_2833xDMA_xintf_to_ram_linkInfo.xml" --rom_model -o "2833xDMA_xintf_to_ram.out"  "./2833xDMA_xintf_to_ram.obj" "../F28335.cmd" -l"rts2800.lib" -l"rts2800_fpu32.lib" 
error #16008-D: file "D:/Program Files

>> Compilation failure
   (x86)/CCSv5/ccsv5/tools/compiler/c2000_6.2.11/lib/rts2800.lib<boot.obj>"
   specifies ISA revision "C2800", which is not compatible with ISA revision
   "C28FPU32" specified in a previous file or on the command line
error #16019-D: file "D:/Program Files
   (x86)/CCSv5/ccsv5/tools/compiler/c2000_6.2.11/lib/rts2800.lib<boot.obj>"
   specifies small memory model, which is not compatible with large memory
   model specified in a previous file or on the command line
error #16008-D: file "D:/Program Files
   (x86)/CCSv5/ccsv5/tools/compiler/c2000_6.2.11/lib/rts2800.lib<exit.obj>"
   specifies ISA revision "C2800", which is not compatible with ISA revision
   "C2700" specified in a previous file or on the command line
error #16019-D: file "D:/Program Files
   (x86)/CCSv5/ccsv5/tools/compiler/c2000_6.2.11/lib/rts2800.lib<exit.obj>"
   specifies small memory model, which is not compatible with large memory
   model specified in a previous file or on the command line
error #16008-D: file "D:/Program Files
   (x86)/CCSv5/ccsv5/tools/compiler/c2000_6.2.11/lib/rts2800.lib<_lock.obj>"
   specifies ISA revision "C2800", which is not compatible with ISA revision
   "C2700" specified in a previous file or on the command line
error #16019-D: file "D:/Program Files
   (x86)/CCSv5/ccsv5/tools/compiler/c2000_6.2.11/lib/rts2800.lib<_lock.obj>"
   specifies small memory model, which is not compatible with large memory
   model specified in a previous file or on the command line
error #16008-D: file "D:/Program Files
   (x86)/CCSv5/ccsv5/tools/compiler/c2000_6.2.11/lib/rts2800.lib<args_main.obj>
   " specifies ISA revision "C2800", which is not compatible with ISA revision
   "C2700" specified in a previous file or on the command line
error #16019-D: file "D:/Program Files
   (x86)/CCSv5/ccsv5/tools/compiler/c2000_6.2.11/lib/rts2800.lib<args_main.obj>
   " specifies small memory model, which is not compatible with large memory
   model specified in a previous file or on the command line
warning #10247-D: creating output section ".bss" without a SECTIONS
   specification

 undefined         first referenced           
  symbol               in file                
 ---------         ----------------           
 _ConfigCpuTimer   ./2833xDMA_xintf_to_ram.obj
 _CpuTimer0        ./2833xDMA_xintf_to_ram.obj
 _CpuTimer0Regs    ./2833xDMA_xintf_to_ram.obj
 _CpuTimer1        ./2833xDMA_xintf_to_ram.obj
 _CpuTimer1Regs    ./2833xDMA_xintf_to_ram.obj
 _CpuTimer2        ./2833xDMA_xintf_to_ram.obj
 _CpuTimer2Regs    ./2833xDMA_xintf_to_ram.obj
 _GpioCtrlRegs     ./2833xDMA_xintf_to_ram.obj
 _GpioDataRegs     ./2833xDMA_xintf_to_ram.obj
 _GpioIntRegs      ./2833xDMA_xintf_to_ram.obj
 _InitCpuTimers    ./2833xDMA_xintf_to_ram.obj
 _InitPieCtrl      ./2833xDMA_xintf_to_ram.obj
 _InitPieVectTable ./2833xDMA_xintf_to_ram.obj
 _InitSysCtrl      ./2833xDMA_xintf_to_ram.obj
 _InitXintf16Gpio  ./2833xDMA_xintf_to_ram.obj
 _PieCtrlRegs      ./2833xDMA_xintf_to_ram.obj
 _PieVectTable     ./2833xDMA_xintf_to_ram.obj
 _SysCtrlRegs      ./2833xDMA_xintf_to_ram.obj
 _XIntruptRegs     ./2833xDMA_xintf_to_ram.obj
 _XintfRegs        ./2833xDMA_xintf_to_ram.obj

error #10234-D: unresolved symbols remain
error #10010: errors encountered during linking; "2833xDMA_xintf_to_ram.out"
   not built
gmake: *** [2833xDMA_xintf_to_ram.out] Error 1
gmake: Target `all' not remade because of errors.

**** Build Finished ****
