
**** Build of configuration Debug for project 900k_sin ****

"D:\\Program Files (x86)\\CCSv5\\ccsv5\\utils\\bin\\gmake" -k all 
'Building file: ../main.c'
'Invoking: MSP430 Compiler'
"D:/Program Files (x86)/CCSv5/ccsv5/tools/compiler/msp430_4.2.1/bin/cl430" -vmsp --abi=eabi --include_path="D:/Program Files (x86)/CCSv5/ccsv5/ccs_base/msp430/include" --include_path="D:/Program Files (x86)/CCSv5/ccsv5/tools/compiler/msp430_4.2.1/include" --advice:power=all -g --define=__MSP430F1611__ --diag_warning=225 --display_error_number --diag_wrap=off --printf_support=minimal --preproc_with_compile --preproc_dependency="main.pp"  "../main.c"
"../main.c", line 12: remark #1527-D: (ULP 2.1) Detected SW delay loop using empty loop. Recommend using a timer module instead
'Finished building: ../main.c'
' '
'Building target: 900k_sin.out'
'Invoking: MSP430 Linker'
"D:/Program Files (x86)/CCSv5/ccsv5/tools/compiler/msp430_4.2.1/bin/cl430" -vmsp --abi=eabi --advice:power=all -g --define=__MSP430F1611__ --diag_warning=225 --display_error_number --diag_wrap=off --printf_support=minimal -z -m"900k_sin.map" --heap_size=80 --stack_size=80 --use_hw_mpy=16 -i"D:/Program Files (x86)/CCSv5/ccsv5/ccs_base/msp430/include" -i"D:/Program Files (x86)/CCSv5/ccsv5/tools/compiler/msp430_4.2.1/lib" -i"D:/Program Files (x86)/CCSv5/ccsv5/tools/compiler/msp430_4.2.1/include" --reread_libs --warn_sections --display_error_number --diag_wrap=off --xml_link_info="900k_sin_linkInfo.xml" --rom_model -o "900k_sin.out"  "./main.obj" "../lnk_msp430f1611.cmd" -l"libc.a" 
<Linking>
remark #10372-D: (ULP 4.1) Detected uninitialized Port 2 in this project. Recommend initializing all unused ports to eliminate wasted current consumption on unused pins.
remark #10372-D: (ULP 4.1) Detected uninitialized Port 3 in this project. Recommend initializing all unused ports to eliminate wasted current consumption on unused pins.
remark #10372-D: (ULP 4.1) Detected uninitialized Port 4 in this project. Recommend initializing all unused ports to eliminate wasted current consumption on unused pins.
remark #10372-D: (ULP 4.1) Detected uninitialized Port 5 in this project. Recommend initializing all unused ports to eliminate wasted current consumption on unused pins.
remark #10372-D: (ULP 4.1) Detected uninitialized Port 6 in this project. Recommend initializing all unused ports to eliminate wasted current consumption on unused pins.
'Finished building target: 900k_sin.out'
' '

**** Build Finished ****
