
**** Build of configuration Debug for project Example_2833xDMA_xintf_to_ram ****

"D:\\Program Files (x86)\\CCSv5\\ccsv5\\utils\\bin\\gmake" -k all 
'Building file: D:/Program Files (x86)/CCSv5/controlSUITE/device_support/f2833x/v142/DSP2833x_common/source/DSP2833x_ADC_cal.asm'
'Invoking: C2000 Compiler'
"D:/Program Files (x86)/CCSv5/ccsv5/tools/compiler/c2000_6.2.11/bin/cl2000" -v28 -ml -mt --float_support=fpu32 --include_path="D:/Program Files (x86)/CCSv5/ccsv5/tools/compiler/c2000_6.2.11/include" --include_path="D:/Program Files (x86)/CCSv5/xdais_7_21_01_07/packages/ti/xdais" --include_path="D:/Program Files (x86)/CCSv5/controlSUITE/device_support/f2833x/v142/DSP2833x_headers/include" --include_path="D:/Program Files (x86)/CCSv5/controlSUITE/device_support/f2833x/v142/DSP2833x_common/include" --include_path="D:/Program Files (x86)/CCSv5/controlSUITE/libs/math/IQmath/v15c/include" --include_path="D:/Program Files (x86)/CCSv5/controlSUITE/libs/math/FPUfastRTS/V100/include" -g --define="_DEBUG" --define="LARGE_MODEL" --quiet --verbose_diagnostics --diag_warning=225 --diag_suppress=10063 --issue_remarks --output_all_syms --cdebug_asm_data --preproc_with_compile --preproc_dependency="DSP2833x_ADC_cal.pp"  "D:/Program Files (x86)/CCSv5/controlSUITE/device_support/f2833x/v142/DSP2833x_common/source/DSP2833x_ADC_cal.asm"
'Finished building: D:/Program Files (x86)/CCSv5/controlSUITE/device_support/f2833x/v142/DSP2833x_common/source/DSP2833x_ADC_cal.asm'
' '
'Building file: D:/Program Files (x86)/CCSv5/controlSUITE/device_support/f2833x/v142/DSP2833x_common/source/DSP2833x_Adc.c'
'Invoking: C2000 Compiler'
"D:/Program Files (x86)/CCSv5/ccsv5/tools/compiler/c2000_6.2.11/bin/cl2000" -v28 -ml -mt --float_support=fpu32 --include_path="D:/Program Files (x86)/CCSv5/ccsv5/tools/compiler/c2000_6.2.11/include" --include_path="D:/Program Files (x86)/CCSv5/xdais_7_21_01_07/packages/ti/xdais" --include_path="D:/Program Files (x86)/CCSv5/controlSUITE/device_support/f2833x/v142/DSP2833x_headers/include" --include_path="D:/Program Files (x86)/CCSv5/controlSUITE/device_support/f2833x/v142/DSP2833x_common/include" --include_path="D:/Program Files (x86)/CCSv5/controlSUITE/libs/math/IQmath/v15c/include" --include_path="D:/Program Files (x86)/CCSv5/controlSUITE/libs/math/FPUfastRTS/V100/include" -g --define="_DEBUG" --define="LARGE_MODEL" --quiet --verbose_diagnostics --diag_warning=225 --diag_suppress=10063 --issue_remarks --output_all_syms --cdebug_asm_data --preproc_with_compile --preproc_dependency="DSP2833x_Adc.pp"  "D:/Program Files (x86)/CCSv5/controlSUITE/device_support/f2833x/v142/DSP2833x_common/source/DSP2833x_Adc.c"
'Finished building: D:/Program Files (x86)/CCSv5/controlSUITE/device_support/f2833x/v142/DSP2833x_common/source/DSP2833x_Adc.c'
' '
'Building file: D:/Program Files (x86)/CCSv5/controlSUITE/device_support/f2833x/v142/DSP2833x_common/source/DSP2833x_CodeStartBranch.asm'
'Invoking: C2000 Compiler'
"D:/Program Files (x86)/CCSv5/ccsv5/tools/compiler/c2000_6.2.11/bin/cl2000" -v28 -ml -mt --float_support=fpu32 --include_path="D:/Program Files (x86)/CCSv5/ccsv5/tools/compiler/c2000_6.2.11/include" --include_path="D:/Program Files (x86)/CCSv5/xdais_7_21_01_07/packages/ti/xdais" --include_path="D:/Program Files (x86)/CCSv5/controlSUITE/device_support/f2833x/v142/DSP2833x_headers/include" --include_path="D:/Program Files (x86)/CCSv5/controlSUITE/device_support/f2833x/v142/DSP2833x_common/include" --include_path="D:/Program Files (x86)/CCSv5/controlSUITE/libs/math/IQmath/v15c/include" --include_path="D:/Program Files (x86)/CCSv5/controlSUITE/libs/math/FPUfastRTS/V100/include" -g --define="_DEBUG" --define="LARGE_MODEL" --quiet --verbose_diagnostics --diag_warning=225 --diag_suppress=10063 --issue_remarks --output_all_syms --cdebug_asm_data --preproc_with_compile --preproc_dependency="DSP2833x_CodeStartBranch.pp"  "D:/Program Files (x86)/CCSv5/controlSUITE/device_support/f2833x/v142/DSP2833x_common/source/DSP2833x_CodeStartBranch.asm"
'Finished building: D:/Program Files (x86)/CCSv5/controlSUITE/device_support/f2833x/v142/DSP2833x_common/source/DSP2833x_CodeStartBranch.asm'
' '
'Building file: D:/Program Files (x86)/CCSv5/controlSUITE/device_support/f2833x/v142/DSP2833x_common/source/DSP2833x_CpuTimers.c'
'Invoking: C2000 Compiler'
"D:/Program Files (x86)/CCSv5/ccsv5/tools/compiler/c2000_6.2.11/bin/cl2000" -v28 -ml -mt --float_support=fpu32 --include_path="D:/Program Files (x86)/CCSv5/ccsv5/tools/compiler/c2000_6.2.11/include" --include_path="D:/Program Files (x86)/CCSv5/xdais_7_21_01_07/packages/ti/xdais" --include_path="D:/Program Files (x86)/CCSv5/controlSUITE/device_support/f2833x/v142/DSP2833x_headers/include" --include_path="D:/Program Files (x86)/CCSv5/controlSUITE/device_support/f2833x/v142/DSP2833x_common/include" --include_path="D:/Program Files (x86)/CCSv5/controlSUITE/libs/math/IQmath/v15c/include" --include_path="D:/Program Files (x86)/CCSv5/controlSUITE/libs/math/FPUfastRTS/V100/include" -g --define="_DEBUG" --define="LARGE_MODEL" --quiet --verbose_diagnostics --diag_warning=225 --diag_suppress=10063 --issue_remarks --output_all_syms --cdebug_asm_data --preproc_with_compile --preproc_dependency="DSP2833x_CpuTimers.pp"  "D:/Program Files (x86)/CCSv5/controlSUITE/device_support/f2833x/v142/DSP2833x_common/source/DSP2833x_CpuTimers.c"
'Finished building: D:/Program Files (x86)/CCSv5/controlSUITE/device_support/f2833x/v142/DSP2833x_common/source/DSP2833x_CpuTimers.c'
' '
'Building file: D:/Program Files (x86)/CCSv5/controlSUITE/device_support/f2833x/v142/DSP2833x_common/source/DSP2833x_DMA.c'
'Invoking: C2000 Compiler'
"D:/Program Files (x86)/CCSv5/ccsv5/tools/compiler/c2000_6.2.11/bin/cl2000" -v28 -ml -mt --float_support=fpu32 --include_path="D:/Program Files (x86)/CCSv5/ccsv5/tools/compiler/c2000_6.2.11/include" --include_path="D:/Program Files (x86)/CCSv5/xdais_7_21_01_07/packages/ti/xdais" --include_path="D:/Program Files (x86)/CCSv5/controlSUITE/device_support/f2833x/v142/DSP2833x_headers/include" --include_path="D:/Program Files (x86)/CCSv5/controlSUITE/device_support/f2833x/v142/DSP2833x_common/include" --include_path="D:/Program Files (x86)/CCSv5/controlSUITE/libs/math/IQmath/v15c/include" --include_path="D:/Program Files (x86)/CCSv5/controlSUITE/libs/math/FPUfastRTS/V100/include" -g --define="_DEBUG" --define="LARGE_MODEL" --quiet --verbose_diagnostics --diag_warning=225 --diag_suppress=10063 --issue_remarks --output_all_syms --cdebug_asm_data --preproc_with_compile --preproc_dependency="DSP2833x_DMA.pp"  "D:/Program Files (x86)/CCSv5/controlSUITE/device_support/f2833x/v142/DSP2833x_common/source/DSP2833x_DMA.c"
'Finished building: D:/Program Files (x86)/CCSv5/controlSUITE/device_support/f2833x/v142/DSP2833x_common/source/DSP2833x_DMA.c'
' '
'Building file: D:/Program Files (x86)/CCSv5/controlSUITE/device_support/f2833x/v142/DSP2833x_common/source/DSP2833x_DefaultIsr.c'
'Invoking: C2000 Compiler'
"D:/Program Files (x86)/CCSv5/ccsv5/tools/compiler/c2000_6.2.11/bin/cl2000" -v28 -ml -mt --float_support=fpu32 --include_path="D:/Program Files (x86)/CCSv5/ccsv5/tools/compiler/c2000_6.2.11/include" --include_path="D:/Program Files (x86)/CCSv5/xdais_7_21_01_07/packages/ti/xdais" --include_path="D:/Program Files (x86)/CCSv5/controlSUITE/device_support/f2833x/v142/DSP2833x_headers/include" --include_path="D:/Program Files (x86)/CCSv5/controlSUITE/device_support/f2833x/v142/DSP2833x_common/include" --include_path="D:/Program Files (x86)/CCSv5/controlSUITE/libs/math/IQmath/v15c/include" --include_path="D:/Program Files (x86)/CCSv5/controlSUITE/libs/math/FPUfastRTS/V100/include" -g --define="_DEBUG" --define="LARGE_MODEL" --quiet --verbose_diagnostics --diag_warning=225 --diag_suppress=10063 --issue_remarks --output_all_syms --cdebug_asm_data --preproc_with_compile --preproc_dependency="DSP2833x_DefaultIsr.pp"  "D:/Program Files (x86)/CCSv5/controlSUITE/device_support/f2833x/v142/DSP2833x_common/source/DSP2833x_DefaultIsr.c"
'Finished building: D:/Program Files (x86)/CCSv5/controlSUITE/device_support/f2833x/v142/DSP2833x_common/source/DSP2833x_DefaultIsr.c'
' '
'Building file: D:/Program Files (x86)/CCSv5/controlSUITE/device_support/f2833x/v142/DSP2833x_common/source/DSP2833x_EPwm.c'
'Invoking: C2000 Compiler'
"D:/Program Files (x86)/CCSv5/ccsv5/tools/compiler/c2000_6.2.11/bin/cl2000" -v28 -ml -mt --float_support=fpu32 --include_path="D:/Program Files (x86)/CCSv5/ccsv5/tools/compiler/c2000_6.2.11/include" --include_path="D:/Program Files (x86)/CCSv5/xdais_7_21_01_07/packages/ti/xdais" --include_path="D:/Program Files (x86)/CCSv5/controlSUITE/device_support/f2833x/v142/DSP2833x_headers/include" --include_path="D:/Program Files (x86)/CCSv5/controlSUITE/device_support/f2833x/v142/DSP2833x_common/include" --include_path="D:/Program Files (x86)/CCSv5/controlSUITE/libs/math/IQmath/v15c/include" --include_path="D:/Program Files (x86)/CCSv5/controlSUITE/libs/math/FPUfastRTS/V100/include" -g --define="_DEBUG" --define="LARGE_MODEL" --quiet --verbose_diagnostics --diag_warning=225 --diag_suppress=10063 --issue_remarks --output_all_syms --cdebug_asm_data --preproc_with_compile --preproc_dependency="DSP2833x_EPwm.pp"  "D:/Program Files (x86)/CCSv5/controlSUITE/device_support/f2833x/v142/DSP2833x_common/source/DSP2833x_EPwm.c"
'Finished building: D:/Program Files (x86)/CCSv5/controlSUITE/device_support/f2833x/v142/DSP2833x_common/source/DSP2833x_EPwm.c'
' '
'Building file: D:/Program Files (x86)/CCSv5/controlSUITE/device_support/f2833x/v142/DSP2833x_headers/source/DSP2833x_GlobalVariableDefs.c'
'Invoking: C2000 Compiler'
"D:/Program Files (x86)/CCSv5/ccsv5/tools/compiler/c2000_6.2.11/bin/cl2000" -v28 -ml -mt --float_support=fpu32 --include_path="D:/Program Files (x86)/CCSv5/ccsv5/tools/compiler/c2000_6.2.11/include" --include_path="D:/Program Files (x86)/CCSv5/xdais_7_21_01_07/packages/ti/xdais" --include_path="D:/Program Files (x86)/CCSv5/controlSUITE/device_support/f2833x/v142/DSP2833x_headers/include" --include_path="D:/Program Files (x86)/CCSv5/controlSUITE/device_support/f2833x/v142/DSP2833x_common/include" --include_path="D:/Program Files (x86)/CCSv5/controlSUITE/libs/math/IQmath/v15c/include" --include_path="D:/Program Files (x86)/CCSv5/controlSUITE/libs/math/FPUfastRTS/V100/include" -g --define="_DEBUG" --define="LARGE_MODEL" --quiet --verbose_diagnostics --diag_warning=225 --diag_suppress=10063 --issue_remarks --output_all_syms --cdebug_asm_data --preproc_with_compile --preproc_dependency="DSP2833x_GlobalVariableDefs.pp"  "D:/Program Files (x86)/CCSv5/controlSUITE/device_support/f2833x/v142/DSP2833x_headers/source/DSP2833x_GlobalVariableDefs.c"
'Finished building: D:/Program Files (x86)/CCSv5/controlSUITE/device_support/f2833x/v142/DSP2833x_headers/source/DSP2833x_GlobalVariableDefs.c'
' '
'Building file: D:/Program Files (x86)/CCSv5/controlSUITE/device_support/f2833x/v142/DSP2833x_common/source/DSP2833x_PieCtrl.c'
'Invoking: C2000 Compiler'
"D:/Program Files (x86)/CCSv5/ccsv5/tools/compiler/c2000_6.2.11/bin/cl2000" -v28 -ml -mt --float_support=fpu32 --include_path="D:/Program Files (x86)/CCSv5/ccsv5/tools/compiler/c2000_6.2.11/include" --include_path="D:/Program Files (x86)/CCSv5/xdais_7_21_01_07/packages/ti/xdais" --include_path="D:/Program Files (x86)/CCSv5/controlSUITE/device_support/f2833x/v142/DSP2833x_headers/include" --include_path="D:/Program Files (x86)/CCSv5/controlSUITE/device_support/f2833x/v142/DSP2833x_common/include" --include_path="D:/Program Files (x86)/CCSv5/controlSUITE/libs/math/IQmath/v15c/include" --include_path="D:/Program Files (x86)/CCSv5/controlSUITE/libs/math/FPUfastRTS/V100/include" -g --define="_DEBUG" --define="LARGE_MODEL" --quiet --verbose_diagnostics --diag_warning=225 --diag_suppress=10063 --issue_remarks --output_all_syms --cdebug_asm_data --preproc_with_compile --preproc_dependency="DSP2833x_PieCtrl.pp"  "D:/Program Files (x86)/CCSv5/controlSUITE/device_support/f2833x/v142/DSP2833x_common/source/DSP2833x_PieCtrl.c"
'Finished building: D:/Program Files (x86)/CCSv5/controlSUITE/device_support/f2833x/v142/DSP2833x_common/source/DSP2833x_PieCtrl.c'
' '
'Building file: D:/Program Files (x86)/CCSv5/controlSUITE/device_support/f2833x/v142/DSP2833x_common/source/DSP2833x_PieVect.c'
'Invoking: C2000 Compiler'
"D:/Program Files (x86)/CCSv5/ccsv5/tools/compiler/c2000_6.2.11/bin/cl2000" -v28 -ml -mt --float_support=fpu32 --include_path="D:/Program Files (x86)/CCSv5/ccsv5/tools/compiler/c2000_6.2.11/include" --include_path="D:/Program Files (x86)/CCSv5/xdais_7_21_01_07/packages/ti/xdais" --include_path="D:/Program Files (x86)/CCSv5/controlSUITE/device_support/f2833x/v142/DSP2833x_headers/include" --include_path="D:/Program Files (x86)/CCSv5/controlSUITE/device_support/f2833x/v142/DSP2833x_common/include" --include_path="D:/Program Files (x86)/CCSv5/controlSUITE/libs/math/IQmath/v15c/include" --include_path="D:/Program Files (x86)/CCSv5/controlSUITE/libs/math/FPUfastRTS/V100/include" -g --define="_DEBUG" --define="LARGE_MODEL" --quiet --verbose_diagnostics --diag_warning=225 --diag_suppress=10063 --issue_remarks --output_all_syms --cdebug_asm_data --preproc_with_compile --preproc_dependency="DSP2833x_PieVect.pp"  "D:/Program Files (x86)/CCSv5/controlSUITE/device_support/f2833x/v142/DSP2833x_common/source/DSP2833x_PieVect.c"
'Finished building: D:/Program Files (x86)/CCSv5/controlSUITE/device_support/f2833x/v142/DSP2833x_common/source/DSP2833x_PieVect.c'
' '
'Building file: D:/Program Files (x86)/CCSv5/controlSUITE/device_support/f2833x/v142/DSP2833x_common/source/DSP2833x_SysCtrl.c'
'Invoking: C2000 Compiler'
"D:/Program Files (x86)/CCSv5/ccsv5/tools/compiler/c2000_6.2.11/bin/cl2000" -v28 -ml -mt --float_support=fpu32 --include_path="D:/Program Files (x86)/CCSv5/ccsv5/tools/compiler/c2000_6.2.11/include" --include_path="D:/Program Files (x86)/CCSv5/xdais_7_21_01_07/packages/ti/xdais" --include_path="D:/Program Files (x86)/CCSv5/controlSUITE/device_support/f2833x/v142/DSP2833x_headers/include" --include_path="D:/Program Files (x86)/CCSv5/controlSUITE/device_support/f2833x/v142/DSP2833x_common/include" --include_path="D:/Program Files (x86)/CCSv5/controlSUITE/libs/math/IQmath/v15c/include" --include_path="D:/Program Files (x86)/CCSv5/controlSUITE/libs/math/FPUfastRTS/V100/include" -g --define="_DEBUG" --define="LARGE_MODEL" --quiet --verbose_diagnostics --diag_warning=225 --diag_suppress=10063 --issue_remarks --output_all_syms --cdebug_asm_data --preproc_with_compile --preproc_dependency="DSP2833x_SysCtrl.pp"  "D:/Program Files (x86)/CCSv5/controlSUITE/device_support/f2833x/v142/DSP2833x_common/source/DSP2833x_SysCtrl.c"
'Finished building: D:/Program Files (x86)/CCSv5/controlSUITE/device_support/f2833x/v142/DSP2833x_common/source/DSP2833x_SysCtrl.c'
' '
'Building file: D:/Program Files (x86)/CCSv5/controlSUITE/device_support/f2833x/v142/DSP2833x_common/source/DSP2833x_Xintf.c'
'Invoking: C2000 Compiler'
"D:/Program Files (x86)/CCSv5/ccsv5/tools/compiler/c2000_6.2.11/bin/cl2000" -v28 -ml -mt --float_support=fpu32 --include_path="D:/Program Files (x86)/CCSv5/ccsv5/tools/compiler/c2000_6.2.11/include" --include_path="D:/Program Files (x86)/CCSv5/xdais_7_21_01_07/packages/ti/xdais" --include_path="D:/Program Files (x86)/CCSv5/controlSUITE/device_support/f2833x/v142/DSP2833x_headers/include" --include_path="D:/Program Files (x86)/CCSv5/controlSUITE/device_support/f2833x/v142/DSP2833x_common/include" --include_path="D:/Program Files (x86)/CCSv5/controlSUITE/libs/math/IQmath/v15c/include" --include_path="D:/Program Files (x86)/CCSv5/controlSUITE/libs/math/FPUfastRTS/V100/include" -g --define="_DEBUG" --define="LARGE_MODEL" --quiet --verbose_diagnostics --diag_warning=225 --diag_suppress=10063 --issue_remarks --output_all_syms --cdebug_asm_data --preproc_with_compile --preproc_dependency="DSP2833x_Xintf.pp"  "D:/Program Files (x86)/CCSv5/controlSUITE/device_support/f2833x/v142/DSP2833x_common/source/DSP2833x_Xintf.c"
'Finished building: D:/Program Files (x86)/CCSv5/controlSUITE/device_support/f2833x/v142/DSP2833x_common/source/DSP2833x_Xintf.c'
' '
'Building file: D:/Program Files (x86)/CCSv5/controlSUITE/device_support/f2833x/v142/DSP2833x_common/source/DSP2833x_usDelay.asm'
'Invoking: C2000 Compiler'
"D:/Program Files (x86)/CCSv5/ccsv5/tools/compiler/c2000_6.2.11/bin/cl2000" -v28 -ml -mt --float_support=fpu32 --include_path="D:/Program Files (x86)/CCSv5/ccsv5/tools/compiler/c2000_6.2.11/include" --include_path="D:/Program Files (x86)/CCSv5/xdais_7_21_01_07/packages/ti/xdais" --include_path="D:/Program Files (x86)/CCSv5/controlSUITE/device_support/f2833x/v142/DSP2833x_headers/include" --include_path="D:/Program Files (x86)/CCSv5/controlSUITE/device_support/f2833x/v142/DSP2833x_common/include" --include_path="D:/Program Files (x86)/CCSv5/controlSUITE/libs/math/IQmath/v15c/include" --include_path="D:/Program Files (x86)/CCSv5/controlSUITE/libs/math/FPUfastRTS/V100/include" -g --define="_DEBUG" --define="LARGE_MODEL" --quiet --verbose_diagnostics --diag_warning=225 --diag_suppress=10063 --issue_remarks --output_all_syms --cdebug_asm_data --preproc_with_compile --preproc_dependency="DSP2833x_usDelay.pp"  "D:/Program Files (x86)/CCSv5/controlSUITE/device_support/f2833x/v142/DSP2833x_common/source/DSP2833x_usDelay.asm"
'Finished building: D:/Program Files (x86)/CCSv5/controlSUITE/device_support/f2833x/v142/DSP2833x_common/source/DSP2833x_usDelay.asm'
' '
'Building file: ../Example_2833xDMA_xintf_to_ram.c'
'Invoking: C2000 Compiler'
"D:/Program Files (x86)/CCSv5/ccsv5/tools/compiler/c2000_6.2.11/bin/cl2000" -v28 -ml -mt --float_support=fpu32 --include_path="D:/Program Files (x86)/CCSv5/ccsv5/tools/compiler/c2000_6.2.11/include" --include_path="D:/Program Files (x86)/CCSv5/xdais_7_21_01_07/packages/ti/xdais" --include_path="D:/Program Files (x86)/CCSv5/controlSUITE/device_support/f2833x/v142/DSP2833x_headers/include" --include_path="D:/Program Files (x86)/CCSv5/controlSUITE/device_support/f2833x/v142/DSP2833x_common/include" --include_path="D:/Program Files (x86)/CCSv5/controlSUITE/libs/math/IQmath/v15c/include" --include_path="D:/Program Files (x86)/CCSv5/controlSUITE/libs/math/FPUfastRTS/V100/include" -g --define="_DEBUG" --define="LARGE_MODEL" --quiet --verbose_diagnostics --diag_warning=225 --diag_suppress=10063 --issue_remarks --output_all_syms --cdebug_asm_data --preproc_with_compile --preproc_dependency="Example_2833xDMA_xintf_to_ram.pp"  "../Example_2833xDMA_xintf_to_ram.c"
'Finished building: ../Example_2833xDMA_xintf_to_ram.c'
' '
'Building target: Example_2833xDMA_xintf_to_ram.out'
'Invoking: C2000 Linker'
"D:/Program Files (x86)/CCSv5/ccsv5/tools/compiler/c2000_6.2.11/bin/cl2000" -v28 -ml -mt --float_support=fpu32 -g --define="_DEBUG" --define="LARGE_MODEL" --quiet --verbose_diagnostics --diag_warning=225 --diag_suppress=10063 --issue_remarks --output_all_syms --cdebug_asm_data -z -m"Example_2833xDMA_xintf_to_ram.map" --stack_size=0x380 --warn_sections -i"D:/Program Files (x86)/CCSv5/ccsv5/tools/compiler/c2000_6.2.11/lib" -i"D:/Program Files (x86)/CCSv5/ccsv5/tools/compiler/c2000_6.2.11/include" -i"E:/DATA/workspace/Example_2833xDMA_xintf_to_ram" -i"D:/Program Files (x86)/CCSv5/controlSUITE/device_support/f2833x/v142/DSP2833x_common/lib" -i"D:/Program Files (x86)/CCSv5/controlSUITE/libs/math/IQmath/v15c/lib" -i"D:/Program Files (x86)/CCSv5/controlSUITE/libs/math/FPUfastRTS/V100/lib" --reread_libs --priority --verbose_diagnostics --issue_remarks --xml_link_info="Example_2833xDMA_xintf_to_ram_linkInfo.xml" --entry_point=code_start --rom_model -o "Example_2833xDMA_xintf_to_ram.out"  -l"rts2800_fpu32_fast_supplement.lib" -l"rts2800_fpu32.lib" "./Example_2833xDMA_xintf_to_ram.obj" "./DSP2833x_usDelay.obj" "./DSP2833x_Xintf.obj" "./DSP2833x_SysCtrl.obj" "./DSP2833x_PieVect.obj" "./DSP2833x_PieCtrl.obj" "./DSP2833x_GlobalVariableDefs.obj" "./DSP2833x_EPwm.obj" "./DSP2833x_DefaultIsr.obj" "./DSP2833x_DMA.obj" "./DSP2833x_CpuTimers.obj" "./DSP2833x_CodeStartBranch.obj" "./DSP2833x_Adc.obj" "./DSP2833x_ADC_cal.obj" "D:/Program Files (x86)/CCSv5/controlSUITE/device_support/f2833x/v142/DSP2833x_common/cmd/28335_RAM_lnk.cmd" "D:/Program Files (x86)/CCSv5/controlSUITE/device_support/f2833x/v142/DSP2833x_headers/cmd/DSP2833x_Headers_nonBIOS.cmd" -l"IQmath_fpu32.lib" 
'Finished building target: Example_2833xDMA_xintf_to_ram.out'
' '

**** Build Finished ****
