
**** Build of configuration Debug for project ADS7945_TEST ****

"D:\\Program Files (x86)\\CCSv5\\ccsv5\\utils\\bin\\gmake" -k all 
'Building file: ../main.c'
'Invoking: C6000 Compiler'
"D:/Program Files (x86)/CCSv5/ccsv5/tools/compiler/c6000_7.4.15/bin/cl6x" -mvC6416 --abi=coffabi -Ooff -ms0 -g --include_path="D:/Program Files (x86)/CCSv5/ccsv5/ccs_base/c6000/csl/include" --include_path="D:/Program Files (x86)/CCSv5/ccsv5/tools/compiler/c6000_7.4.15/include" --include_path="D:/Program Files (x86)/CCSv5/ccsv5/ccs_base/c6400/dsplib/include" --define=c6416 --define=CHIP_6416 --display_error_number --diag_warning=225 --diag_wrap=off --preproc_with_compile --preproc_dependency="main.pp"  "../main.c"
>> WARNING: invalid version 0, defaulting to 6200
'Finished building: ../main.c'
' '
'Building target: ADS7945_TEST.out'
'Invoking: C6000 Linker'
"D:/Program Files (x86)/CCSv5/ccsv5/tools/compiler/c6000_7.4.15/bin/cl6x" -mvC6416 --abi=coffabi -Ooff -ms0 -g --define=c6416 --define=CHIP_6416 --display_error_number --diag_warning=225 --diag_wrap=off -z --stack_size=0x800 -m"ADS7945_TEST.map" --heap_size=0x800 -i"D:/Program Files (x86)/CCSv5/ccsv5/tools/compiler/c6000_7.4.15/lib" -i"D:/Program Files (x86)/CCSv5/ccsv5/ccs_base/c6000/csl/lib" -i"D:/Program Files (x86)/CCSv5/ccsv5/tools/compiler/c6000_7.4.15/include" -i"E:/DATA/workspace/ADS7945_TEST" --reread_libs --warn_sections --display_error_number --diag_wrap=off --xml_link_info="ADS7945_TEST_linkInfo.xml" --rom_model -o "ADS7945_TEST.out"  "./vecs.obj" "./main.obj" "../C6416.cmd" -l"rts6400.lib" -l"csl6416.lib" 
<Linking>
>> WARNING: invalid version 0, defaulting to 6200
warning #16002-D: build attribute vendor section TI missing in "D:/Program Files (x86)/CCSv5/ccsv5/ccs_base/c6000/csl/lib/csl6416.lib<csl.obj>": compatibility cannot be determined
warning #16002-D: build attribute vendor section TI missing in "D:/Program Files (x86)/CCSv5/ccsv5/ccs_base/c6000/csl/lib/csl6416.lib<csl_edma.obj>": compatibility cannot be determined
warning #16002-D: build attribute vendor section TI missing in "D:/Program Files (x86)/CCSv5/ccsv5/ccs_base/c6000/csl/lib/csl6416.lib<csl_irq.obj>": compatibility cannot be determined
warning #16002-D: build attribute vendor section TI missing in "D:/Program Files (x86)/CCSv5/ccsv5/ccs_base/c6000/csl/lib/csl6416.lib<csl_mcbsp.obj>": compatibility cannot be determined
warning #16002-D: build attribute vendor section TI missing in "D:/Program Files (x86)/CCSv5/ccsv5/ccs_base/c6000/csl/lib/csl6416.lib<csl_timer.obj>": compatibility cannot be determined
'Finished building target: ADS7945_TEST.out'
' '

**** Build Finished ****

**** Build of configuration Debug for project ADS7945_TEST ****

"D:\\Program Files (x86)\\CCSv5\\ccsv5\\utils\\bin\\gmake" -k all 
gmake: Nothing to be done for `all'.

**** Build Finished ****
