
**** Build of configuration Debug for project IIC_Download ****

"D:\\Program Files\\ccsv5\\ccsv5\\utils\\bin\\gmake" -k all 
'Building file: ../AT24CXX.c'
'Invoking: C5500 Compiler'
"D:/Program Files/ccsv5/ccsv5/tools/compiler/c5500_4.4.1/bin/cl55" -v5509A --memory_model=large -g --include_path="D:/Program Files/ccsv5/ccsv5/ccs_base/c5500/dsplib/55x_src" --include_path="D:/Program Files/ccsv5/ccsv5/ccs_base/c5500/csl/include" --include_path="D:/Program Files/ccsv5/ccsv5/tools/compiler/c5500_4.4.1/include" --define=c5509a --display_error_number --diag_warning=225 --ptrdiff_size=32 --preproc_with_compile --preproc_dependency="AT24CXX.pp"  "../AT24CXX.c"
"D:/Program Files/ccsv5/ccsv5/ccs_base/c5500/csl/include/csl_chiphal.h", line 201: fatal error #35: #error NO CHIP DEFINED
1 fatal error detected in the compilation of "../AT24CXX.c".
Compilation terminated.

>> Compilation failure
gmake: *** [AT24CXX.obj] Error 1
'Building file: ../main.c'
'Invoking: C5500 Compiler'
"D:/Program Files/ccsv5/ccsv5/tools/compiler/c5500_4.4.1/bin/cl55" -v5509A --memory_model=large -g --include_path="D:/Program Files/ccsv5/ccsv5/ccs_base/c5500/dsplib/55x_src" --include_path="D:/Program Files/ccsv5/ccsv5/ccs_base/c5500/csl/include" --include_path="D:/Program Files/ccsv5/ccsv5/tools/compiler/c5500_4.4.1/include" --define=c5509a --display_error_number --diag_warning=225 --ptrdiff_size=32 --preproc_with_compile --preproc_dependency="main.pp"  "../main.c"
"D:/Program Files/ccsv5/ccsv5/ccs_base/c5500/csl/include/csl_chiphal.h", line 201: fatal error #35: #error NO CHIP DEFINED
1 fatal error detected in the compilation of "../main.c".

>> Compilation failure
Compilation terminated.
gmake: *** [main.obj] Error 1
gmake: Target `all' not remade because of errors.

**** Build Finished ****
