
**** Build of configuration Debug for project LUSBL_Benthos_release ****

"D:\\Program Files\\ccsv5\\ccsv5\\utils\\bin\\gmake" -k all 
'Building file: ../main.c'
'Invoking: C5500 Compiler'
"D:/Program Files/ccsv5/ccsv5/tools/compiler/c5500_4.4.1/bin/cl55" -v5509A --memory_model=large -O2 -g --include_path="D:/Program Files/ccsv5/ccsv5/tools/compiler/c5500_4.4.1/include" --include_path="D:/Program Files/ccsv5/xdais_7_21_01_07/packages/ti/xdais" --include_path="C:/CCSTUD~1.3/C5500/csl/include" --define="CHIP_5509A" --define=c5509a --quiet --display_error_number --ptrdiff_size=32 --preproc_with_compile --preproc_dependency="main.pp"  "../main.c"
"..\mcbsp_initial.h", line 33: warning #1311-D: nonstandard conversion between pointer to function and pointer to data

"..\mcbsp_initial.h", line 71: warning #1311-D: nonstandard conversion between pointer to function and pointer to data
"..\mcbsp_initial.h", line 73: warning #1311-D: nonstandard conversion between pointer to function and pointer to data
>> Compilation failure
"..\mcbsp_initial.h", line 146: error #20: identifier "DMAGSCR" is undefined
"..\mcbsp_initial.h", line 414: warning #225-D: function declared implicitly
"..\subfunction.c", line 91: warning #225-D: function declared implicitly
"..\subfunction.c", line 92: warning #225-D: function declared implicitly
"..\subfunction.c", line 136: warning #225-D: function declared implicitly
"..\subfunction.c", line 137: warning #225-D: function declared implicitly
"..\subfunction.c", line 178: warning #225-D: function declared implicitly
"..\subfunction.c", line 179: warning #225-D: function declared implicitly
"..\subfunction.c", line 925: warning #225-D: function declared implicitly
"..\subfunction.c", line 926: warning #225-D: function declared implicitly
"..\subfunction.c", line 943: warning #225-D: function declared implicitly
"..\subfunction.c", line 1035: warning #225-D: function declared implicitly
"..\subfunction.c", line 1036: warning #225-D: function declared implicitly
"..\subfunction.c", line 1050: warning #225-D: function declared implicitly
"..\subfunction.c", line 1156: warning #225-D: function declared implicitly
"..\subfunction.c", line 1157: warning #225-D: function declared implicitly
"..\subfunction.c", line 1169: warning #225-D: function declared implicitly
"..\subfunction.c", line 1170: warning #225-D: function declared implicitly
"..\subfunction.c", line 1532: warning #225-D: function declared implicitly
"..\subfunction.c", line 1533: warning #225-D: function declared implicitly
"..\subfunction.c", line 1548: warning #225-D: function declared implicitly
"..\subfunction.c", line 1585: warning #225-D: function declared implicitly
"..\subfunction.c", line 1590: warning #225-D: function declared implicitly
"..\interrupt_function.c", line 83: warning #552-D: variable "R_IER" was set but never used
"..\interrupt_function.c", line 169: warning #552-D: variable "R_IER" was set but never used
1 error detected in the compilation of "../main.c".
gmake: *** [main.obj] Error 1
gmake: Target `all' not remade because of errors.

**** Build Finished ****
