
**** Build of configuration Debug for project Pro04_adc_lcdseg_pwm ****

"D:\\Program Files\\ccsv5\\ccsv5\\utils\\bin\\gmake" -k all 
'Building file: ../dr_dc_motor.c'
'Invoking: MSP430 Compiler'
"D:/Program Files/ccsv5/ccsv5/tools/compiler/msp430_4.2.1/bin/cl430" -vmspx --abi=coffabi -g --include_path="D:/Program Files/ccsv5/ccsv5/ccs_base/msp430/include" --include_path="D:/Program Files/ccsv5/ccsv5/tools/compiler/msp430_4.2.1/include" --advice:power=all --define=__MSP430F6638__ --diag_warning=225 --display_error_number --silicon_errata=CPU21 --silicon_errata=CPU22 --silicon_errata=CPU40 --printf_support=minimal --preproc_with_compile --preproc_dependency="dr_dc_motor.pp"  "../dr_dc_motor.c"
"../dr_dc_motor.c", line 51: remark #1546-D: (ULP 15.1) Detected consecutive bitfield assigns. Recommend using bit mask instead
"../dr_dc_motor.c", line 99: remark #1546-D: (ULP 15.1) Detected consecutive bitfield assigns. Recommend using bit mask instead
"../dr_dc_motor.c", line 104: remark #2553-D: (ULP 14.1) Array index (involving "rpm_meas") of type "int". Recommend using "unsigned int"
"../dr_dc_motor.c", line 105: remark #2553-D: (ULP 14.1) Array index (involving "rpm_meas") of type "int". Recommend using "unsigned int"
"../dr_dc_motor.c", line 106: remark #2553-D: (ULP 14.1) Array index (involving "rpm_meas") of type "int". Recommend using "unsigned int"
"../dr_dc_motor.c", line 129: remark #1530-D: (ULP 5.1) Detected divide operation(s). Recommend moving them to RAM during run time or not using as these are processing/power intensive
'Finished building: ../dr_dc_motor.c'
' '
'Building file: ../dr_lcdseg.c'
'Invoking: MSP430 Compiler'
"D:/Program Files/ccsv5/ccsv5/tools/compiler/msp430_4.2.1/bin/cl430" -vmspx --abi=coffabi -g --include_path="D:/Program Files/ccsv5/ccsv5/ccs_base/msp430/include" --include_path="D:/Program Files/ccsv5/ccsv5/tools/compiler/msp430_4.2.1/include" --advice:power=all --define=__MSP430F6638__ --diag_warning=225 --display_error_number --silicon_errata=CPU21 --silicon_errata=CPU22 --silicon_errata=CPU40 --printf_support=minimal --preproc_with_compile --preproc_dependency="dr_lcdseg.pp"  "../dr_lcdseg.c"
"../dr_lcdseg.c", line 49: warning #83-D: storage class is not first
"../dr_lcdseg.c", line 47: remark #2553-D: (ULP 14.1) Array index (involving "value") of type "int". Recommend using "unsigned int"
"../dr_lcdseg.c", line 52: remark #2553-D: (ULP 14.1) Array index (involving "pos") of type "int". Recommend using "unsigned int"
"../dr_lcdseg.c", line 55: remark #1544-D: (ULP 13.1) Detected loop counting up. Recommend loops count down as detecting zeros is easier
"../dr_lcdseg.c", line 58: remark #2553-D: (ULP 14.1) Array index (involving "i") of type "int". Recommend using "unsigned int"
"../dr_lcdseg.c", line 60: remark #2553-D: (ULP 14.1) Array index (involving "pos") of type "int". Recommend using "unsigned int"
"../dr_lcdseg.c", line 65: remark #2553-D: (ULP 14.1) Array index (involving "pos") of type "int". Recommend using "unsigned int"
"../dr_lcdseg.c", line 70: remark #2553-D: (ULP 14.1) Array index (involving "pos") of type "int". Recommend using "unsigned int"
"../dr_lcdseg.c", line 85: remark #1530-D: (ULP 5.1) Detected modulo operation(s). Recommend moving them to RAM during run time or not using as these are processing/power intensive
"../dr_lcdseg.c", line 86: remark #1530-D: (ULP 5.1) Detected divide operation(s). Recommend moving them to RAM during run time or not using as these are processing/power intensive
"../dr_lcdseg.c", line 99: remark #1544-D: (ULP 13.1) Detected loop counting up. Recommend loops count down as detecting zeros is easier
'Finished building: ../dr_lcdseg.c'
' '
'Building file: ../main.c'
'Invoking: MSP430 Compiler'
"D:/Program Files/ccsv5/ccsv5/tools/compiler/msp430_4.2.1/bin/cl430" -vmspx --abi=coffabi -g --include_path="D:/Program Files/ccsv5/ccsv5/ccs_base/msp430/include" --include_path="D:/Program Files/ccsv5/ccsv5/tools/compiler/msp430_4.2.1/include" --advice:power=all --define=__MSP430F6638__ --diag_warning=225 --display_error_number --silicon_errata=CPU21 --silicon_errata=CPU22 --silicon_errata=CPU40 --printf_support=minimal --preproc_with_compile --preproc_dependency="main.pp"  "../main.c"
"../main.c", line 16: remark #1528-D: (ULP 3.1) Detected flag polling using SFRIFG1. Recommend using an interrupt combined with enter LPMx and ISR
"../main.c", line 26: remark #1528-D: (ULP 3.1) Detected flag polling using SFRIFG1. Recommend using an interrupt combined with enter LPMx and ISR
"../main.c", line 75: remark #1530-D: (ULP 5.1) Detected divide operation(s). Recommend moving them to RAM during run time or not using as these are processing/power intensive
"../main.c", line 78: remark #1527-D: (ULP 2.1) Detected SW delay loop using __delay_cycles. Recommend using a timer module instead
"../main.c", line 78: remark #1527-D: (ULP 2.1) Detected SW delay loop using __delay_cycles. Recommend using a timer module instead
'Finished building: ../main.c'
' '
'Building target: Pro04_adc_lcdseg_pwm.out'
'Invoking: MSP430 Linker'
"D:/Program Files/ccsv5/ccsv5/tools/compiler/msp430_4.2.1/bin/cl430" -vmspx --abi=coffabi -g --advice:power=all --define=__MSP430F6638__ --diag_warning=225 --display_error_number --silicon_errata=CPU21 --silicon_errata=CPU22 --silicon_errata=CPU40 --printf_support=minimal -z --stack_size=160 -m"Pro04_adc_lcdseg_pwm.map" --heap_size=160 --use_hw_mpy=F5 -i"D:/Program Files/ccsv5/ccsv5/ccs_base/msp430/include" -i"D:/Program Files/ccsv5/ccsv5/tools/compiler/msp430_4.2.1/lib" -i"D:/Program Files/ccsv5/ccsv5/tools/compiler/msp430_4.2.1/include" --reread_libs --warn_sections --xml_link_info="Pro04_adc_lcdseg_pwm_linkInfo.xml" --rom_model -o "Pro04_adc_lcdseg_pwm.out"  "./main.obj" "./dr_lcdseg.obj" "./dr_dc_motor.obj" "../lnk_msp430f6638.cmd" -l"libc.a" 
<Linking>
remark #10371-D: (ULP 1.1) Detected no uses of low power mode state changes
   using LPMx or _bis_SR_register() or __low_power_mode_x() in this project.
remark #10372-D: (ULP 4.1) Detected uninitialized Port A in this project.
   Recommend initializing all unused ports to eliminate wasted current
   consumption on unused pins.
remark #10372-D: (ULP 4.1) Detected uninitialized Port B in this project.
   Recommend initializing all unused ports to eliminate wasted current
   consumption on unused pins.
remark #10372-D: (ULP 4.1) Detected uninitialized Port C in this project.
   Recommend initializing all unused ports to eliminate wasted current
   consumption on unused pins.
remark #10372-D: (ULP 4.1) Detected uninitialized Port D in this project.
   Recommend initializing all unused ports to eliminate wasted current
   consumption on unused pins.
remark #10372-D: (ULP 4.1) Detected uninitialized Port E in this project.
   Recommend initializing all unused ports to eliminate wasted current
   consumption on unused pins.
'Finished building target: Pro04_adc_lcdseg_pwm.out'
' '

**** Build Finished ****
