
**** Build of configuration Debug for project USBL_XINBIAO_100M_8_16k_XDCZ_V2.0 ****

"D:\\Program Files (x86)\\CCSv5\\ccsv5\\utils\\bin\\gmake" -k all 
'Building file: ../main.c'
'Invoking: C5500 Compiler'
"D:/Program Files (x86)/CCSv5/ccsv5/tools/compiler/c5500_4.4.1/bin/cl55" -v5509A --memory_model=large -O2 -g --include_path="D:/Program Files (x86)/CCSv5/ccsv5/tools/compiler/c5500_4.4.1/include" --include_path="E:/DATA/workspace/USBL_XINBIAO_100M_8_16k_XDCZ_V2.0/SourceFile" --include_path="D:/Program Files (x86)/CCSv5/xdais_7_21_01_07/packages/ti/xdais" --include_path="D:/PROGRA~2/CCSTUD~1.3/C5500/csl/include" --include_path="E:/DATA/workspace/USBL_XINBIAO_100M_8_16k_XDCZ_V2.0/Debug" --include_path="D:/Program Files (x86)/CCSv5/bios_5_42_01_09/packages/ti/bios/include" --include_path="D:/Program Files (x86)/CCSv5/bios_5_42_01_09/packages/ti/rtdx/include/c5500" --define="CHIP_5509A" --define=c5509a --quiet --display_error_number --ptrdiff_size=32 --preproc_with_compile --preproc_dependency="main.pp"  "../main.c"
"..\mcbsp_initial.h", line 102: warning #1311-D: nonstandard conversion between pointer to function and pointer to data
"..\mcbsp_initial.h", line 138: warning #1311-D: nonstandard conversion between pointer to function and pointer to data
"..\mcbsp_initial.h", line 180: warning #1311-D: nonstandard conversion between pointer to function and pointer to data
'Finished building: ../main.c'
' '
'Building target: USBL.out'
'Invoking: C5500 Linker'
"D:/Program Files (x86)/CCSv5/ccsv5/tools/compiler/c5500_4.4.1/bin/cl55" -v5509A --memory_model=large -O2 -g --define="CHIP_5509A" --define=c5509a --quiet --display_error_number --ptrdiff_size=32 -z -m"USBL.map" --stack_size=0x200 --heap_size=0x400 -i"D:/Program Files (x86)/CCSv5/ccsv5/tools/compiler/c5500_4.4.1/lib" -i"D:/Program Files (x86)/CCSv5/ccsv5/tools/compiler/c5500_4.4.1/include" -i"E:/DATA/workspace/USBL_XINBIAO_100M_8_16k_XDCZ_V2.0" -i"E:/DATA/workspace/USBL_XINBIAO_100M_8_16k_XDCZ_V2.0/SourceFile" -i"D:/PROGRA~2/CCSTUD~1.3/C5500/csl/lib" -i"D:/Program Files (x86)/CCSv5/bios_5_42_01_09/packages/ti/rtdx/lib/c5500" -i"D:/Program Files (x86)/CCSv5/bios_5_42_01_09/packages/ti/bios/lib" --reread_libs --display_error_number --warn_sections --xml_link_info="USBL_XINBIAO_100M_8_16k_XDCZ_V2.0_linkInfo.xml" --rom_model --sys_stacksize=0x200 -o "USBL.out"  "../USBL.cmd" "./vectors.obj" "./twid2048.obj" "./maxvec.obj" "./h_LPF2.obj" "./h_LPF1.obj" "./fir2.obj" "./cifft_scale.obj" "./cifft_noscale.obj" "./cfft_scale.obj" "./cfft_noscale.obj" "./cbrev.obj" "./main.obj" "./cross_page_set0.obj" -l"csl5509ax.lib" -l"rts55x.lib" 
warning #10254-D: section "Pwm_RLE" (0xa00000) spans page boundary: not allowed
   before CPU revision 3.0
warning #10254-D: section "Pwm_result" (0xc00000) spans page boundary: not
   allowed before CPU revision 3.0
'Finished building target: USBL.out'
' '

**** Build Finished ****
