
**** Build of configuration Debug for project Xinbiao ****

"D:\\Program Files (x86)\\CCSv5\\ccsv5\\utils\\bin\\gmake" -k all 
'Building file: ../cbrev.asm'
'Invoking: C5500 Compiler'
"D:/Program Files (x86)/CCSv5/ccsv5/tools/compiler/c5500_4.4.1/bin/cl55" -v5509A --memory_model=large -O3 -g --include_path="D:/Program Files (x86)/CCSv5/ccsv5/tools/compiler/c5500_4.4.1/include" --include_path="D:/Program Files (x86)/CCSv5/xdais_7_21_01_07/packages/ti/xdais" --include_path="D:/PROGRA~2/CCSTUD~1.3/C5500/csl/include" --define="CHIP_5509" --define=c5509a --quiet --display_error_number --ptrdiff_size=32 --preproc_with_compile --preproc_dependency="cbrev.pp"  "../cbrev.asm"
'Finished building: ../cbrev.asm'
' '
'Building file: ../cfft_noscale.asm'
'Invoking: C5500 Compiler'
"D:/Program Files (x86)/CCSv5/ccsv5/tools/compiler/c5500_4.4.1/bin/cl55" -v5509A --memory_model=large -O3 -g --include_path="D:/Program Files (x86)/CCSv5/ccsv5/tools/compiler/c5500_4.4.1/include" --include_path="D:/Program Files (x86)/CCSv5/xdais_7_21_01_07/packages/ti/xdais" --include_path="D:/PROGRA~2/CCSTUD~1.3/C5500/csl/include" --define="CHIP_5509" --define=c5509a --quiet --display_error_number --ptrdiff_size=32 --preproc_with_compile --preproc_dependency="cfft_noscale.pp"  "../cfft_noscale.asm"
"..\cfft_noscale.asm", REMARK   at line 475: [R5684] This outer loop contains a
                                                     nested localrepeat that
                                                     may cause execution to
                                                     terminate if an iteration
                                                     of the nested localrepeat
                                                     is interrupted; Note:
                                                     indirect write to memory
                                                     may be write to MMR BRC1;
                                                     (see the C55x silicon
                                                     exceptions errata;
                                                     Advisory CPU_116)
		}

'Finished building: ../cfft_noscale.asm'
' '
'Building file: ../cfft_scale.asm'
'Invoking: C5500 Compiler'
"D:/Program Files (x86)/CCSv5/ccsv5/tools/compiler/c5500_4.4.1/bin/cl55" -v5509A --memory_model=large -O3 -g --include_path="D:/Program Files (x86)/CCSv5/ccsv5/tools/compiler/c5500_4.4.1/include" --include_path="D:/Program Files (x86)/CCSv5/xdais_7_21_01_07/packages/ti/xdais" --include_path="D:/PROGRA~2/CCSTUD~1.3/C5500/csl/include" --define="CHIP_5509" --define=c5509a --quiet --display_error_number --ptrdiff_size=32 --preproc_with_compile --preproc_dependency="cfft_scale.pp"  "../cfft_scale.asm"
"..\cfft_scale.asm", REMARK   at line 565: [R5684] This outer loop contains a
                                                   nested localrepeat that may
                                                   cause execution to terminate
                                                   if an iteration of the
                                                   nested localrepeat is
                                                   interrupted; Note: indirect
                                                   write to memory may be write
                                                   to MMR BRC1; (see the C55x
                                                   silicon exceptions errata;
                                                   Advisory CPU_116)
		}

'Finished building: ../cfft_scale.asm'
' '
'Building file: ../cifft_noscale.asm'
'Invoking: C5500 Compiler'
"D:/Program Files (x86)/CCSv5/ccsv5/tools/compiler/c5500_4.4.1/bin/cl55" -v5509A --memory_model=large -O3 -g --include_path="D:/Program Files (x86)/CCSv5/ccsv5/tools/compiler/c5500_4.4.1/include" --include_path="D:/Program Files (x86)/CCSv5/xdais_7_21_01_07/packages/ti/xdais" --include_path="D:/PROGRA~2/CCSTUD~1.3/C5500/csl/include" --define="CHIP_5509" --define=c5509a --quiet --display_error_number --ptrdiff_size=32 --preproc_with_compile --preproc_dependency="cifft_noscale.pp"  "../cifft_noscale.asm"
'Finished building: ../cifft_noscale.asm'
' '
'Building file: ../cifft_scale.asm'
'Invoking: C5500 Compiler'
"D:/Program Files (x86)/CCSv5/ccsv5/tools/compiler/c5500_4.4.1/bin/cl55" -v5509A --memory_model=large -O3 -g --include_path="D:/Program Files (x86)/CCSv5/ccsv5/tools/compiler/c5500_4.4.1/include" --include_path="D:/Program Files (x86)/CCSv5/xdais_7_21_01_07/packages/ti/xdais" --include_path="D:/PROGRA~2/CCSTUD~1.3/C5500/csl/include" --define="CHIP_5509" --define=c5509a --quiet --display_error_number --ptrdiff_size=32 --preproc_with_compile --preproc_dependency="cifft_scale.pp"  "../cifft_scale.asm"
'Finished building: ../cifft_scale.asm'
' '
'Building file: ../fir2.asm'
'Invoking: C5500 Compiler'
"D:/Program Files (x86)/CCSv5/ccsv5/tools/compiler/c5500_4.4.1/bin/cl55" -v5509A --memory_model=large -O3 -g --include_path="D:/Program Files (x86)/CCSv5/ccsv5/tools/compiler/c5500_4.4.1/include" --include_path="D:/Program Files (x86)/CCSv5/xdais_7_21_01_07/packages/ti/xdais" --include_path="D:/PROGRA~2/CCSTUD~1.3/C5500/csl/include" --define="CHIP_5509" --define=c5509a --quiet --display_error_number --ptrdiff_size=32 --preproc_with_compile --preproc_dependency="fir2.pp"  "../fir2.asm"
'Finished building: ../fir2.asm'
' '
'Building file: ../h_LPF1.asm'
'Invoking: C5500 Compiler'
"D:/Program Files (x86)/CCSv5/ccsv5/tools/compiler/c5500_4.4.1/bin/cl55" -v5509A --memory_model=large -O3 -g --include_path="D:/Program Files (x86)/CCSv5/ccsv5/tools/compiler/c5500_4.4.1/include" --include_path="D:/Program Files (x86)/CCSv5/xdais_7_21_01_07/packages/ti/xdais" --include_path="D:/PROGRA~2/CCSTUD~1.3/C5500/csl/include" --define="CHIP_5509" --define=c5509a --quiet --display_error_number --ptrdiff_size=32 --preproc_with_compile --preproc_dependency="h_LPF1.pp"  "../h_LPF1.asm"
'Finished building: ../h_LPF1.asm'
' '
'Building file: ../h_LPF2.asm'
'Invoking: C5500 Compiler'
"D:/Program Files (x86)/CCSv5/ccsv5/tools/compiler/c5500_4.4.1/bin/cl55" -v5509A --memory_model=large -O3 -g --include_path="D:/Program Files (x86)/CCSv5/ccsv5/tools/compiler/c5500_4.4.1/include" --include_path="D:/Program Files (x86)/CCSv5/xdais_7_21_01_07/packages/ti/xdais" --include_path="D:/PROGRA~2/CCSTUD~1.3/C5500/csl/include" --define="CHIP_5509" --define=c5509a --quiet --display_error_number --ptrdiff_size=32 --preproc_with_compile --preproc_dependency="h_LPF2.pp"  "../h_LPF2.asm"
'Finished building: ../h_LPF2.asm'
' '
'Building file: ../main.c'
'Invoking: C5500 Compiler'
"D:/Program Files (x86)/CCSv5/ccsv5/tools/compiler/c5500_4.4.1/bin/cl55" -v5509A --memory_model=large -O3 -g --include_path="D:/Program Files (x86)/CCSv5/ccsv5/tools/compiler/c5500_4.4.1/include" --include_path="D:/Program Files (x86)/CCSv5/xdais_7_21_01_07/packages/ti/xdais" --include_path="D:/PROGRA~2/CCSTUD~1.3/C5500/csl/include" --define="CHIP_5509" --define=c5509a --quiet --display_error_number --ptrdiff_size=32 --preproc_with_compile --preproc_dependency="main.pp"  "../main.c"
"..\mcbsp_initial.h", line 43: warning #1311-D: nonstandard conversion between pointer to function and pointer to data
"..\mcbsp_initial.h", line 81: warning #1311-D: nonstandard conversion between pointer to function and pointer to data
"..\mcbsp_initial.h", line 83: warning #1311-D: nonstandard conversion between pointer to function and pointer to data
"..\mcbsp_initial.h", line 425: warning #225-D: function declared implicitly
"..\subfunction.h", line 63: warning #225-D: function declared implicitly
"..\subfunction.h", line 64: warning #225-D: function declared implicitly
"..\subfunction.h", line 560: warning #225-D: function declared implicitly
"..\subfunction.h", line 561: warning #225-D: function declared implicitly
"..\subfunction.h", line 796: warning #225-D: function declared implicitly
"..\subfunction.h", line 797: warning #225-D: function declared implicitly
"..\subfunction.h", line 811: warning #225-D: function declared implicitly
'Finished building: ../main.c'
' '
'Building file: ../maxvec.asm'
'Invoking: C5500 Compiler'
"D:/Program Files (x86)/CCSv5/ccsv5/tools/compiler/c5500_4.4.1/bin/cl55" -v5509A --memory_model=large -O3 -g --include_path="D:/Program Files (x86)/CCSv5/ccsv5/tools/compiler/c5500_4.4.1/include" --include_path="D:/Program Files (x86)/CCSv5/xdais_7_21_01_07/packages/ti/xdais" --include_path="D:/PROGRA~2/CCSTUD~1.3/C5500/csl/include" --define="CHIP_5509" --define=c5509a --quiet --display_error_number --ptrdiff_size=32 --preproc_with_compile --preproc_dependency="maxvec.pp"  "../maxvec.asm"
'Finished building: ../maxvec.asm'
' '
'Building file: ../twid4096.asm'
'Invoking: C5500 Compiler'
"D:/Program Files (x86)/CCSv5/ccsv5/tools/compiler/c5500_4.4.1/bin/cl55" -v5509A --memory_model=large -O3 -g --include_path="D:/Program Files (x86)/CCSv5/ccsv5/tools/compiler/c5500_4.4.1/include" --include_path="D:/Program Files (x86)/CCSv5/xdais_7_21_01_07/packages/ti/xdais" --include_path="D:/PROGRA~2/CCSTUD~1.3/C5500/csl/include" --define="CHIP_5509" --define=c5509a --quiet --display_error_number --ptrdiff_size=32 --preproc_with_compile --preproc_dependency="twid4096.pp"  "../twid4096.asm"
'Finished building: ../twid4096.asm'
' '
'Building file: ../vectors.asm'
'Invoking: C5500 Compiler'
"D:/Program Files (x86)/CCSv5/ccsv5/tools/compiler/c5500_4.4.1/bin/cl55" -v5509A --memory_model=large -O3 -g --include_path="D:/Program Files (x86)/CCSv5/ccsv5/tools/compiler/c5500_4.4.1/include" --include_path="D:/Program Files (x86)/CCSv5/xdais_7_21_01_07/packages/ti/xdais" --include_path="D:/PROGRA~2/CCSTUD~1.3/C5500/csl/include" --define="CHIP_5509" --define=c5509a --quiet --display_error_number --ptrdiff_size=32 --preproc_with_compile --preproc_dependency="vectors.pp"  "../vectors.asm"
'Finished building: ../vectors.asm'
' '
'Building target: USBL.out'
'Invoking: C5500 Linker'
"D:/Program Files (x86)/CCSv5/ccsv5/tools/compiler/c5500_4.4.1/bin/cl55" -v5509A --memory_model=large -O3 -g --define="CHIP_5509" --define=c5509a --quiet --display_error_number --ptrdiff_size=32 -z -m"USBL.map" --stack_size=0x200 --heap_size=0x400 -i"D:/Program Files (x86)/CCSv5/ccsv5/tools/compiler/c5500_4.4.1/lib" -i"D:/Program Files (x86)/CCSv5/ccsv5/tools/compiler/c5500_4.4.1/include" -i"E:/DATA/workspace/Xinbiao" -i"D:/PROGRA~2/CCSTUD~1.3/C5500/csl/lib" --reread_libs --display_error_number --warn_sections --xml_link_info="Xinbiao_linkInfo.xml" --rom_model --sys_stacksize=0x200 -o "USBL.out"  "../USBL.cmd" "./vectors.obj" "./twid4096.obj" "./maxvec.obj" "./main.obj" "./h_LPF2.obj" "./h_LPF1.obj" "./fir2.obj" "./cifft_scale.obj" "./cifft_noscale.obj" "./cfft_scale.obj" "./cfft_noscale.obj" "./cbrev.obj" -l"csl5509x.lib" -l"rts55x.lib" 
warning #10247-D: creating output section ".csldata" without a SECTIONS
   specification
warning #10247-D: creating output section "vectors" without a SECTIONS
   specification
'Finished building target: USBL.out'
' '

**** Build Finished ****
